[info] Loading project definition from /home/duncan/repos/hardware/chisel-pipelined-olk/project
[info] Updating {file:/home/duncan/repos/hardware/chisel-pipelined-olk/project/}chisel-pipelined-olk-build...
[info] Resolving org.scala-lang#scala-library;2.10.4 ...
[info] Resolving org.scala-sbt#sbt;0.13.8 ...
[info] Resolving org.scala-sbt#main;0.13.8 ...
[info] Resolving org.scala-sbt#actions;0.13.8 ...
[info] Resolving org.scala-sbt#classpath;0.13.8 ...
[info] Resolving org.scala-lang#scala-compiler;2.10.4 ...
[info] Resolving org.scala-lang#scala-reflect;2.10.4 ...
[info] Resolving org.scala-sbt#launcher-interface;0.13.8 ...
[info] Resolving org.scala-sbt#interface;0.13.8 ...
[info] Resolving org.scala-sbt#io;0.13.8 ...
[info] Resolving org.scala-sbt#control;0.13.8 ...
[info] Resolving org.scala-sbt#completion;0.13.8 ...
[info] Resolving org.scala-sbt#collections;0.13.8 ...
[info] Resolving jline#jline;2.11 ...
[info] Resolving org.scala-sbt#api;0.13.8 ...
[info] Resolving org.scala-sbt#compiler-integration;0.13.8 ...
[info] Resolving org.scala-sbt#incremental-compiler;0.13.8 ...
[info] Resolving org.scala-sbt#logging;0.13.8 ...
[info] Resolving org.scala-sbt#process;0.13.8 ...
[info] Resolving org.scala-sbt#relation;0.13.8 ...
[info] Resolving org.scala-sbt#compile;0.13.8 ...
[info] Resolving org.scala-sbt#classfile;0.13.8 ...
[info] Resolving org.scala-sbt#persist;0.13.8 ...
[info] Resolving org.scala-tools.sbinary#sbinary_2.10;0.4.2 ...
[info] Resolving org.scala-sbt#compiler-ivy-integration;0.13.8 ...
[info] Resolving org.scala-sbt#ivy;0.13.8 ...
[info] Resolving org.scala-sbt#cross;0.13.8 ...
[info] Resolving org.scala-sbt.ivy#ivy;2.3.0-sbt-fccfbd44c9f64523b61398a0155784dcbaeae28f ...
[info] Resolving com.jcraft#jsch;0.1.46 ...
[info] Resolving org.scala-sbt#serialization_2.10;0.1.1 ...
[info] Resolving org.scala-lang.modules#scala-pickling_2.10;0.10.0 ...
[info] Resolving org.scalamacros#quasiquotes_2.10;2.0.1 ...
[info] Resolving org.json4s#json4s-core_2.10;3.2.10 ...
[info] Resolving org.json4s#json4s-ast_2.10;3.2.10 ...
[info] Resolving com.thoughtworks.paranamer#paranamer;2.6 ...
[info] Resolving org.spire-math#jawn-parser_2.10;0.6.0 ...
[info] Resolving org.spire-math#json4s-support_2.10;0.6.0 ...
[info] Resolving org.scala-sbt#run;0.13.8 ...
[info] Resolving org.scala-sbt#task-system;0.13.8 ...
[info] Resolving org.scala-sbt#tasks;0.13.8 ...
[info] Resolving org.scala-sbt#tracking;0.13.8 ...
[info] Resolving org.scala-sbt#cache;0.13.8 ...
[info] Resolving org.scala-sbt#testing;0.13.8 ...
[info] Resolving org.scala-sbt#test-agent;0.13.8 ...
[info] Resolving org.scala-sbt#test-interface;1.0 ...
[info] Resolving org.scala-sbt#main-settings;0.13.8 ...
[info] Resolving org.scala-sbt#apply-macro;0.13.8 ...
[info] Resolving org.scala-sbt#command;0.13.8 ...
[info] Resolving org.scala-sbt#logic;0.13.8 ...
[info] Resolving org.scala-sbt#compiler-interface;0.13.8 ...
[info] Resolving org.scala-sbt#precompiled-2_8_2;0.13.8 ...
[info] Resolving org.scala-sbt#precompiled-2_9_2;0.13.8 ...
[info] Resolving org.scala-sbt#precompiled-2_9_3;0.13.8 ...
[info] Resolving org.scala-lang#jline;2.10.4 ...
[info] Resolving org.fusesource.jansi#jansi;1.4 ...
[info] Done updating.
[info] Compiling 1 Scala source to /home/duncan/repos/hardware/chisel-pipelined-olk/project/target/scala-2.10/sbt-0.13/classes...
[info] Set current project to chisel-pipelined-olk (in build file:/home/duncan/repos/hardware/chisel-pipelined-olk/)
[info] Updating {git://github.com/djmmoss/cla.git}cla...
[info] Resolving org.scala-lang#scala-library;2.10.4 ...
[info] Resolving edu.berkeley.cs#chisel_2.10;latest.release ...
[info] Resolving edu.berkeley.cs#chisel_2.10;latest.release ...
[info] Resolving org.scala-lang#scala-reflect;2.10.4 ...
[info] Resolving org.scalanlp#breeze_2.10;0.9 ...
[info] Resolving org.scalanlp#breeze-macros_2.10;0.3.1 ...
[info] Resolving org.scalamacros#quasiquotes_2.10;2.0.0-M8 ...
[info] Resolving com.github.fommil.netlib#core;1.1.2 ...
[info] Resolving net.sourceforge.f2j#arpack_combined_all;0.1 ...
[info] Resolving net.sf.opencsv#opencsv;2.3 ...
[info] Resolving com.github.rwl#jtransforms;2.4.0 ...
[info] Resolving junit#junit;4.8.2 ...
[info] Resolving org.apache.commons#commons-math3;3.2 ...
[info] Resolving org.spire-math#spire_2.10;0.7.4 ...
[info] Resolving org.spire-math#spire-macros_2.10;0.7.4 ...
[info] Resolving org.scalamacros#quasiquotes_2.10;2.0.0 ...
[info] Resolving org.slf4j#slf4j-api;1.7.5 ...
[info] Resolving org.scala-lang#scala-compiler;2.10.4 ...
[info] Resolving org.scala-lang#jline;2.10.4 ...
[info] Resolving org.fusesource.jansi#jansi;1.4 ...
[info] Done updating.
[info] Updating {file:/home/duncan/repos/hardware/chisel-pipelined-olk/}root...
[info] Resolving org.scala-lang#scala-library;2.10.4 ...
[info] Resolving usyd.edu.au#cla_2.10;0.1 ...
[info] Resolving edu.berkeley.cs#chisel_2.10;latest.release ...
[info] Resolving edu.berkeley.cs#chisel_2.10;latest.release ...
[info] Resolving org.scala-lang#scala-reflect;2.10.4 ...
[info] Resolving org.scalanlp#breeze_2.10;0.9 ...
[info] Resolving org.scalanlp#breeze-macros_2.10;0.3.1 ...
[info] Resolving org.scalamacros#quasiquotes_2.10;2.0.0-M8 ...
[info] Resolving com.github.fommil.netlib#core;1.1.2 ...
[info] Resolving net.sourceforge.f2j#arpack_combined_all;0.1 ...
[info] Resolving net.sf.opencsv#opencsv;2.3 ...
[info] Resolving com.github.rwl#jtransforms;2.4.0 ...
[info] Resolving junit#junit;4.8.2 ...
[info] Resolving org.apache.commons#commons-math3;3.2 ...
[info] Resolving org.spire-math#spire_2.10;0.7.4 ...
[info] Resolving org.spire-math#spire-macros_2.10;0.7.4 ...
[info] Resolving org.scalamacros#quasiquotes_2.10;2.0.0 ...
[info] Resolving org.slf4j#slf4j-api;1.7.5 ...
[info] Resolving org.scala-lang#scala-compiler;2.10.4 ...
[info] Resolving org.scala-lang#jline;2.10.4 ...
[info] Resolving org.fusesource.jansi#jansi;1.4 ...
[info] Done updating.
[info] Compiling 36 Scala sources to /home/duncan/.sbt/0.13/staging/1433e9a9496ef57b94fb/cla/target/scala-2.10/classes...
[info] Compiling 17 Scala sources to /home/duncan/repos/hardware/chisel-pipelined-olk/target/scala-2.10/classes...
[error] /home/duncan/repos/hardware/chisel-pipelined-olk/src/main/scala/Sum/SumR.scala:103: object MutableList is not a member of package collection
[error]     val sumrTree = scala.collection.MutableList(wiList)
[error]                                     ^
[error] one error found
[error] (root/compile:compileIncremental) Compilation failed
[error] Total time: 20 s, completed 22/06/2015 1:35:21 PM
