[info] Loading project definition from /home/duncan/repos/hardware/chisel-pipelined-olk/project
[info] Set current project to chisel-pipelined-olk (in build file:/home/duncan/repos/hardware/chisel-pipelined-olk/)
[info] Compiling 17 Scala sources to /home/duncan/repos/hardware/chisel-pipelined-olk/target/scala-2.10/classes...
[info] Running OLK.Top AlphaFunctOLKn --genHarness --compile --test --backend c --vcd
CPP elaborate
[[35minfo[0m] [0.111] // COMPILING < (class OLK.Sum.SumR)>(0)
[[35minfo[0m] [0.130] giving names
[[35minfo[0m] [0.158] executing custom transforms
[[35minfo[0m] [0.159] adding clocks and resets
[[35minfo[0m] [0.165] inferring widths
[[35minfo[0m] [0.183] checking widths
[[35minfo[0m] [0.187] lowering complex nodes to primitives
[[35minfo[0m] [0.187] removing type nodes
[[35minfo[0m] [0.190] compiling 123 nodes
[[35minfo[0m] [0.190] computing memory ports
[[35minfo[0m] [0.190] resolving nodes to the components
[[35minfo[0m] [0.204] creating clock domains
[[35minfo[0m] [0.204] pruning unconnected IOs
[[35minfo[0m] [0.207] checking for combinational loops
[[35minfo[0m] [0.209] NO COMBINATIONAL LOOP FOUND
[[35minfo[0m] [0.216] populating clock domains
CppBackend::elaborate: need 0, redundant 0 shadow registers
[[35minfo[0m] [0.233] generating cpp files
CppBackend: createCppFile SumR.cpp
[[35minfo[0m] [3.953] g++ -c -o ./SumR-emulator.o  -I../ -Inull/csrc/  ./SumR-emulator.cpp RET 0
[[35minfo[0m] [4.796] g++ -c -o ./SumR.o  -I../ -Inull/csrc/  ./SumR.cpp RET 0
[[35minfo[0m] [5.569] g++  -o ./SumR ./SumR.o ./SumR-emulator.o RET 0
[[33mwarn[0m] top.scala:22: 'AlphaFunctOLKn' is an unknown argument. in class OLK.Top$
SEED 1434944180417
STARTING ./SumR
RESET 5
  POKE SumR.io_vi_0 <-  0x2b
  POKE SumR.io_alphai_0 <-  0xae7
  POKE SumR.io_vi_1 <-  0xe4
  POKE SumR.io_alphai_1 <-  0x1af
  POKE SumR.io_vi_2 <-  0x195
  POKE SumR.io_alphai_2 <-  0x3e1
  POKE SumR.io_vi_3 <-  0x0
  POKE SumR.io_alphai_3 <-  0x653
  POKE SumR.io_vi_4 <-  0x311
  POKE SumR.io_alphai_4 <-  0x1fe
  POKE SumR.io_vi_5 <-  0xb7e
  POKE SumR.io_alphai_5 <-  0x328
  POKE SumR.io_vi_6 <-  0xa8a
  POKE SumR.io_alphai_6 <-  0x5ce
  POKE SumR.io_vi_7 <-  0x7d3
  POKE SumR.io_alphai_7 <-  0x1c6
  PEEK SumR.io_sumR -> 0x0975
EXPECT SumR.io_sumR <- 2421 == 32479 FAIL
  POKE SumR.io_vi_0 <-  0x762
  POKE SumR.io_alphai_0 <-  0x1f9
  POKE SumR.io_vi_1 <-  0xe5
  POKE SumR.io_alphai_1 <-  0x5f2
  POKE SumR.io_vi_2 <-  0xb
  POKE SumR.io_alphai_2 <-  0x5ed
  POKE SumR.io_vi_3 <-  0x23b
  POKE SumR.io_alphai_3 <-  0x0
  POKE SumR.io_vi_4 <-  0x4b9
  POKE SumR.io_alphai_4 <-  0x1af
  POKE SumR.io_vi_5 <-  0x808
  POKE SumR.io_alphai_5 <-  0x1a1
  POKE SumR.io_vi_6 <-  0x4d2
  POKE SumR.io_alphai_6 <-  0xa52
  POKE SumR.io_vi_7 <-  0x453
  POKE SumR.io_alphai_7 <-  0x10b
  PEEK SumR.io_sumR -> 0x1422
EXPECT SumR.io_sumR <- 5154 == 24428 FAIL
  POKE SumR.io_vi_0 <-  0x418
  POKE SumR.io_alphai_0 <-  0x65
  POKE SumR.io_vi_1 <-  0x8df
  POKE SumR.io_alphai_1 <-  0x7cc
  POKE SumR.io_vi_2 <-  0x138
  POKE SumR.io_alphai_2 <-  0x1c5
  POKE SumR.io_vi_3 <-  0xe3
  POKE SumR.io_alphai_3 <-  0x7ce
  POKE SumR.io_vi_4 <-  0x5c
  POKE SumR.io_alphai_4 <-  0x886
  POKE SumR.io_vi_5 <-  0xb6a
  POKE SumR.io_alphai_5 <-  0x5f2
  POKE SumR.io_vi_6 <-  0x8ab
  POKE SumR.io_alphai_6 <-  0x9f
  POKE SumR.io_vi_7 <-  0x63
  POKE SumR.io_alphai_7 <-  0x0
  PEEK SumR.io_sumR -> 0x4fda
EXPECT SumR.io_sumR <- 20442 == 39982 FAIL
  POKE SumR.io_vi_0 <-  0x254
  POKE SumR.io_alphai_0 <-  0xbc
  POKE SumR.io_vi_1 <-  0x917
  POKE SumR.io_alphai_1 <-  0x92d
  POKE SumR.io_vi_2 <-  0x1ef
  POKE SumR.io_alphai_2 <-  0xe6
  POKE SumR.io_vi_3 <-  0x469
  POKE SumR.io_alphai_3 <-  0x6db
  POKE SumR.io_vi_4 <-  0x1a2
  POKE SumR.io_alphai_4 <-  0xf7
  POKE SumR.io_vi_5 <-  0x26
  POKE SumR.io_alphai_5 <-  0x2d6
  POKE SumR.io_vi_6 <-  0x963
  POKE SumR.io_alphai_6 <-  0xa
  POKE SumR.io_vi_7 <-  0x27e
  POKE SumR.io_alphai_7 <-  0x21
  PEEK SumR.io_sumR -> 0x7514
EXPECT SumR.io_sumR <- 29972 == 30667 FAIL
  POKE SumR.io_vi_0 <-  0x572
  POKE SumR.io_alphai_0 <-  0x2cc
  POKE SumR.io_vi_1 <-  0x77c
  POKE SumR.io_alphai_1 <-  0x2a8
  POKE SumR.io_vi_2 <-  0x3cf
  POKE SumR.io_alphai_2 <-  0x5d
  POKE SumR.io_vi_3 <-  0xbcf
  POKE SumR.io_alphai_3 <-  0x3f7
  POKE SumR.io_vi_4 <-  0x4e4
  POKE SumR.io_alphai_4 <-  0x2c3
  POKE SumR.io_vi_5 <-  0x2b5
  POKE SumR.io_alphai_5 <-  0x0
  POKE SumR.io_vi_6 <-  0x50b
  POKE SumR.io_alphai_6 <-  0x2d7
  POKE SumR.io_vi_7 <-  0x118
  POKE SumR.io_alphai_7 <-  0x1e9
  PEEK SumR.io_sumR -> 0x534e
EXPECT SumR.io_sumR <- 21326 == 28980 FAIL
  POKE SumR.io_vi_0 <-  0xd1e
  POKE SumR.io_alphai_0 <-  0x5a0
  POKE SumR.io_vi_1 <-  0x9c8
  POKE SumR.io_alphai_1 <-  0x3f4
  POKE SumR.io_vi_2 <-  0xd7
  POKE SumR.io_alphai_2 <-  0x5e
  POKE SumR.io_vi_3 <-  0xa5
  POKE SumR.io_alphai_3 <-  0x3a3
  POKE SumR.io_vi_4 <-  0x495
  POKE SumR.io_alphai_4 <-  0xc2
  POKE SumR.io_vi_5 <-  0x0
  POKE SumR.io_alphai_5 <-  0x565
  POKE SumR.io_vi_6 <-  0x1c9
  POKE SumR.io_alphai_6 <-  0xb6
  POKE SumR.io_vi_7 <-  0x3c7
  POKE SumR.io_alphai_7 <-  0x879
  PEEK SumR.io_sumR -> 0x7318
EXPECT SumR.io_sumR <- 29464 == 38864 FAIL
  POKE SumR.io_vi_0 <-  0x1bf
  POKE SumR.io_alphai_0 <-  0x283
  POKE SumR.io_vi_1 <-  0x953
  POKE SumR.io_alphai_1 <-  0x678
  POKE SumR.io_vi_2 <-  0x44d
  POKE SumR.io_alphai_2 <-  0x0
  POKE SumR.io_vi_3 <-  0x97d
  POKE SumR.io_alphai_3 <-  0x144
  POKE SumR.io_vi_4 <-  0x222
  POKE SumR.io_alphai_4 <-  0x386
  POKE SumR.io_vi_5 <-  0xba
  POKE SumR.io_alphai_5 <-  0xea
  POKE SumR.io_vi_6 <-  0x5b9
  POKE SumR.io_alphai_6 <-  0x47e
  POKE SumR.io_vi_7 <-  0x29e
  POKE SumR.io_alphai_7 <-  0x2d9
  PEEK SumR.io_sumR -> 0x4cb4
EXPECT SumR.io_sumR <- 19636 == 30224 FAIL
  POKE SumR.io_vi_0 <-  0x5c
  POKE SumR.io_alphai_0 <-  0x39c
  POKE SumR.io_vi_1 <-  0x3a6
  POKE SumR.io_alphai_1 <-  0x1f
  POKE SumR.io_vi_2 <-  0x5db
  POKE SumR.io_alphai_2 <-  0x754
  POKE SumR.io_vi_3 <-  0xbb
  POKE SumR.io_alphai_3 <-  0x421
  POKE SumR.io_vi_4 <-  0x379
  POKE SumR.io_alphai_4 <-  0x141
  POKE SumR.io_vi_5 <-  0x120
  POKE SumR.io_alphai_5 <-  0x0
  POKE SumR.io_vi_6 <-  0xa5
  POKE SumR.io_alphai_6 <-  0x221
  POKE SumR.io_vi_7 <-  0x93b
  POKE SumR.io_alphai_7 <-  0x304
  PEEK SumR.io_sumR -> 0x2fa9
EXPECT SumR.io_sumR <- 12201 == 20802 FAIL
  POKE SumR.io_vi_0 <-  0x58
  POKE SumR.io_alphai_0 <-  0xb9
  POKE SumR.io_vi_1 <-  0xcce
  POKE SumR.io_alphai_1 <-  0x190
  POKE SumR.io_vi_2 <-  0x9a4
  POKE SumR.io_alphai_2 <-  0x0
  POKE SumR.io_vi_3 <-  0x923
  POKE SumR.io_alphai_3 <-  0xa2
  POKE SumR.io_vi_4 <-  0x944
  POKE SumR.io_alphai_4 <-  0x157
  POKE SumR.io_vi_5 <-  0x6f8
  POKE SumR.io_alphai_5 <-  0x1d0
  POKE SumR.io_vi_6 <-  0x6de
  POKE SumR.io_alphai_6 <-  0x4e9
  POKE SumR.io_vi_7 <-  0x400
  POKE SumR.io_alphai_7 <-  0x5b3
  PEEK SumR.io_sumR -> 0x1a08
EXPECT SumR.io_sumR <- 6664 == 27551 FAIL
  POKE SumR.io_vi_0 <-  0xc4
  POKE SumR.io_alphai_0 <-  0x0
  POKE SumR.io_vi_1 <-  0x19
  POKE SumR.io_alphai_1 <-  0x199
  POKE SumR.io_vi_2 <-  0x12f
  POKE SumR.io_alphai_2 <-  0x2cd
  POKE SumR.io_vi_3 <-  0x1a
  POKE SumR.io_alphai_3 <-  0x49f
  POKE SumR.io_vi_4 <-  0x415
  POKE SumR.io_alphai_4 <-  0x0
  POKE SumR.io_vi_5 <-  0x299
  POKE SumR.io_alphai_5 <-  0x0
  POKE SumR.io_vi_6 <-  0x1cb
  POKE SumR.io_alphai_6 <-  0x18d
  POKE SumR.io_vi_7 <-  0xe4
  POKE SumR.io_alphai_7 <-  0x3af
  PEEK SumR.io_sumR -> 0x03ef
EXPECT SumR.io_sumR <- 1007 == 2561 FAIL
  POKE SumR.io_vi_0 <-  0x602
  POKE SumR.io_alphai_0 <-  0x16a
  POKE SumR.io_vi_1 <-  0xf6
  POKE SumR.io_alphai_1 <-  0x52a
  POKE SumR.io_vi_2 <-  0x9ce
  POKE SumR.io_alphai_2 <-  0x2ec
  POKE SumR.io_vi_3 <-  0xbc0
  POKE SumR.io_alphai_3 <-  0x3c1
  POKE SumR.io_vi_4 <-  0xbea
  POKE SumR.io_alphai_4 <-  0x415
  POKE SumR.io_vi_5 <-  0x315
  POKE SumR.io_alphai_5 <-  0x73c
  POKE SumR.io_vi_6 <-  0x4e
  POKE SumR.io_alphai_6 <-  0x21
  POKE SumR.io_vi_7 <-  0x0
  POKE SumR.io_alphai_7 <-  0x4fa
  PEEK SumR.io_sumR -> 0x5634
EXPECT SumR.io_sumR <- 22068 == 40241 FAIL
RAN 0 CYCLES FAILED FIRST AT CYCLE 0
*** FAILED ***
[error] (run-main-0) Chisel.ChiselException: Module under test FAILED at least one test vector.
Chisel.ChiselException: Module under test FAILED at least one test vector.
	at OLK.Top$.main(top.scala:22)
[trace] Stack trace suppressed: run 'last root/compile:run' for the full output.
java.lang.RuntimeException: Nonzero exit code: 1
	at scala.sys.package$.error(package.scala:27)
[trace] Stack trace suppressed: run 'last root/compile:run' for the full output.
[error] (root/compile:run) Nonzero exit code: 1
[error] Total time: 15 s, completed 22/06/2015 1:36:26 PM
