[info] Loading project definition from /home/duncan/repos/hardware/chisel-pipelined-olk/project
[info] Set current project to chisel-pipelined-olk (in build file:/home/duncan/repos/hardware/chisel-pipelined-olk/)
[info] Running OLK.Top Dict --genHarness --compile --test --backend c --vcd
CPP elaborate
[[35minfo[0m] [0.063] // COMPILING < (class OLK.Sum.SumR)>(0)
[[35minfo[0m] [0.071] giving names
[[35minfo[0m] [0.080] executing custom transforms
[[35minfo[0m] [0.080] adding clocks and resets
[[35minfo[0m] [0.087] inferring widths
[[35minfo[0m] [0.099] checking widths
[[35minfo[0m] [0.104] lowering complex nodes to primitives
[[35minfo[0m] [0.104] removing type nodes
[[35minfo[0m] [0.106] compiling 123 nodes
[[35minfo[0m] [0.106] computing memory ports
[[35minfo[0m] [0.107] resolving nodes to the components
[[35minfo[0m] [0.124] creating clock domains
[[35minfo[0m] [0.124] pruning unconnected IOs
[[35minfo[0m] [0.127] checking for combinational loops
[[35minfo[0m] [0.130] NO COMBINATIONAL LOOP FOUND
[[35minfo[0m] [0.140] populating clock domains
CppBackend::elaborate: need 0, redundant 0 shadow registers
[[35minfo[0m] [0.158] generating cpp files
CppBackend: createCppFile SumR.cpp
[[35minfo[0m] [0.817] g++ -c -o ./SumR-emulator.o  -I../ -Inull/csrc/  ./SumR-emulator.cpp RET 0
[[35minfo[0m] [1.301] g++ -c -o ./SumR.o  -I../ -Inull/csrc/  ./SumR.cpp RET 0
[[35minfo[0m] [1.359] g++  -o ./SumR ./SumR.o ./SumR-emulator.o RET 0
[[33mwarn[0m] top.scala:22: 'Dict' is an unknown argument. in class OLK.Top$
SEED 1434944210913
STARTING ./SumR
RESET 5
  POKE SumR.io_vi_0 <-  0x0
  POKE SumR.io_alphai_0 <-  0x900
  POKE SumR.io_vi_1 <-  0x11f
  POKE SumR.io_alphai_1 <-  0x0
  POKE SumR.io_vi_2 <-  0x330
  POKE SumR.io_alphai_2 <-  0x62
  POKE SumR.io_vi_3 <-  0x798
  POKE SumR.io_alphai_3 <-  0x295
  POKE SumR.io_vi_4 <-  0x0
  POKE SumR.io_alphai_4 <-  0x15f
  POKE SumR.io_vi_5 <-  0xd5
  POKE SumR.io_alphai_5 <-  0x3fd
  POKE SumR.io_vi_6 <-  0xcb
  POKE SumR.io_alphai_6 <-  0x8ef
  POKE SumR.io_vi_7 <-  0x490
  POKE SumR.io_alphai_7 <-  0xcb
  PEEK SumR.io_sumR -> 0x14d3
EXPECT SumR.io_sumR <- 5331 == 8923 FAIL
  POKE SumR.io_vi_0 <-  0x974
  POKE SumR.io_alphai_0 <-  0x32d
  POKE SumR.io_vi_1 <-  0xa5a
  POKE SumR.io_alphai_1 <-  0x12f
  POKE SumR.io_vi_2 <-  0x42a
  POKE SumR.io_alphai_2 <-  0xde
  POKE SumR.io_vi_3 <-  0x5c7
  POKE SumR.io_alphai_3 <-  0xa0
  POKE SumR.io_vi_4 <-  0x6b
  POKE SumR.io_alphai_4 <-  0x45b
  POKE SumR.io_vi_5 <-  0x2aa
  POKE SumR.io_alphai_5 <-  0x65
  POKE SumR.io_vi_6 <-  0x8dd
  POKE SumR.io_alphai_6 <-  0x9ba
  POKE SumR.io_vi_7 <-  0x40
  POKE SumR.io_alphai_7 <-  0x273
  PEEK SumR.io_sumR -> 0x317d
EXPECT SumR.io_sumR <- 12669 == 35629 FAIL
  POKE SumR.io_vi_0 <-  0x359
  POKE SumR.io_alphai_0 <-  0x23
  POKE SumR.io_vi_1 <-  0x117
  POKE SumR.io_alphai_1 <-  0x2ee
  POKE SumR.io_vi_2 <-  0x798
  POKE SumR.io_alphai_2 <-  0x467
  POKE SumR.io_vi_3 <-  0x723
  POKE SumR.io_alphai_3 <-  0x0
  POKE SumR.io_vi_4 <-  0x0
  POKE SumR.io_alphai_4 <-  0x315
  POKE SumR.io_vi_5 <-  0xb5
  POKE SumR.io_alphai_5 <-  0xaab
  POKE SumR.io_vi_6 <-  0xe9
  POKE SumR.io_alphai_6 <-  0x607
  POKE SumR.io_vi_7 <-  0x333
  POKE SumR.io_alphai_7 <-  0x202
  PEEK SumR.io_sumR -> 0x2514
EXPECT SumR.io_sumR <- 9492 == 14475 FAIL
  POKE SumR.io_vi_0 <-  0x54a
  POKE SumR.io_alphai_0 <-  0x7a6
  POKE SumR.io_vi_1 <-  0x311
  POKE SumR.io_alphai_1 <-  0xf0
  POKE SumR.io_vi_2 <-  0xf1
  POKE SumR.io_alphai_2 <-  0x63b
  POKE SumR.io_vi_3 <-  0x54c
  POKE SumR.io_alphai_3 <-  0x7d
  POKE SumR.io_vi_4 <-  0x1c7
  POKE SumR.io_alphai_4 <-  0x1e9
  POKE SumR.io_vi_5 <-  0x708
  POKE SumR.io_alphai_5 <-  0xc4
  POKE SumR.io_vi_6 <-  0xc3a
  POKE SumR.io_alphai_6 <-  0xb2
  POKE SumR.io_vi_7 <-  0xa2f
  POKE SumR.io_alphai_7 <-  0x2e1
  PEEK SumR.io_sumR -> 0x33c5
EXPECT SumR.io_sumR <- 13253 == 25195 FAIL
  POKE SumR.io_vi_0 <-  0xce
  POKE SumR.io_alphai_0 <-  0x5e1
  POKE SumR.io_vi_1 <-  0x57c
  POKE SumR.io_alphai_1 <-  0x29b
  POKE SumR.io_vi_2 <-  0xd3
  POKE SumR.io_alphai_2 <-  0x37e
  POKE SumR.io_vi_3 <-  0x5e6
  POKE SumR.io_alphai_3 <-  0x108
  POKE SumR.io_vi_4 <-  0xb3b
  POKE SumR.io_alphai_4 <-  0x0
  POKE SumR.io_vi_5 <-  0x5e2
  POKE SumR.io_alphai_5 <-  0x835
  POKE SumR.io_vi_6 <-  0x1d8
  POKE SumR.io_alphai_6 <-  0x27c
  POKE SumR.io_vi_7 <-  0x4cd
  POKE SumR.io_alphai_7 <-  0x0
  PEEK SumR.io_sumR -> 0x1bfa
EXPECT SumR.io_sumR <- 7162 == 20689 FAIL
  POKE SumR.io_vi_0 <-  0xb51
  POKE SumR.io_alphai_0 <-  0x93
  POKE SumR.io_vi_1 <-  0x7ae
  POKE SumR.io_alphai_1 <-  0x7e0
  POKE SumR.io_vi_2 <-  0x3ff
  POKE SumR.io_alphai_2 <-  0x1c5
  POKE SumR.io_vi_3 <-  0x0
  POKE SumR.io_alphai_3 <-  0x7c2
  POKE SumR.io_vi_4 <-  0x1ed
  POKE SumR.io_alphai_4 <-  0xe5
  POKE SumR.io_vi_5 <-  0x12
  POKE SumR.io_alphai_5 <-  0x6d7
  POKE SumR.io_vi_6 <-  0x113
  POKE SumR.io_alphai_6 <-  0x61a
  POKE SumR.io_vi_7 <-  0xaa
  POKE SumR.io_alphai_7 <-  0xa1e
  PEEK SumR.io_sumR -> 0x4a0b
EXPECT SumR.io_sumR <- 18955 == 22926 FAIL
  POKE SumR.io_vi_0 <-  0x68a
  POKE SumR.io_alphai_0 <-  0xe0
  POKE SumR.io_vi_1 <-  0x21a
  POKE SumR.io_alphai_1 <-  0x6c
  POKE SumR.io_vi_2 <-  0x2b6
  POKE SumR.io_alphai_2 <-  0x570
  POKE SumR.io_vi_3 <-  0x399
  POKE SumR.io_alphai_3 <-  0x34a
  POKE SumR.io_vi_4 <-  0x0
  POKE SumR.io_alphai_4 <-  0x61e
  POKE SumR.io_vi_5 <-  0xda
  POKE SumR.io_alphai_5 <-  0x176
  POKE SumR.io_vi_6 <-  0x0
  POKE SumR.io_alphai_6 <-  0x1fb
  POKE SumR.io_vi_7 <-  0xe8
  POKE SumR.io_alphai_7 <-  0xa69
  PEEK SumR.io_sumR -> 0x212c
EXPECT SumR.io_sumR <- 8492 == 11224 FAIL
  POKE SumR.io_vi_0 <-  0x1b4
  POKE SumR.io_alphai_0 <-  0x59
  POKE SumR.io_vi_1 <-  0x1b7
  POKE SumR.io_alphai_1 <-  0x3f0
  POKE SumR.io_vi_2 <-  0x669
  POKE SumR.io_alphai_2 <-  0x45d
  POKE SumR.io_vi_3 <-  0x75c
  POKE SumR.io_alphai_3 <-  0x0
  POKE SumR.io_vi_4 <-  0x554
  POKE SumR.io_alphai_4 <-  0x31c
  POKE SumR.io_vi_5 <-  0xe59
  POKE SumR.io_alphai_5 <-  0xa6d
  POKE SumR.io_vi_6 <-  0x367
  POKE SumR.io_alphai_6 <-  0x23b
  POKE SumR.io_vi_7 <-  0x95c
  POKE SumR.io_alphai_7 <-  0x43b
  PEEK SumR.io_sumR -> 0x234f
EXPECT SumR.io_sumR <- 9039 == 63643 FAIL
  POKE SumR.io_vi_0 <-  0x2d
  POKE SumR.io_alphai_0 <-  0x76c
  POKE SumR.io_vi_1 <-  0x4e3
  POKE SumR.io_alphai_1 <-  0x6e
  POKE SumR.io_vi_2 <-  0x1c
  POKE SumR.io_alphai_2 <-  0x199
  POKE SumR.io_vi_3 <-  0x2e9
  POKE SumR.io_alphai_3 <-  0x3e7
  POKE SumR.io_vi_4 <-  0xf7
  POKE SumR.io_alphai_4 <-  0x109
  POKE SumR.io_vi_5 <-  0x13a
  POKE SumR.io_alphai_5 <-  0xba
  POKE SumR.io_vi_6 <-  0xe9d
  POKE SumR.io_alphai_6 <-  0x32
  POKE SumR.io_vi_7 <-  0x45
  POKE SumR.io_alphai_7 <-  0x0
  PEEK SumR.io_sumR -> 0x0eed
EXPECT SumR.io_sumR <- 3821 == 5036 FAIL
  POKE SumR.io_vi_0 <-  0x6ba
  POKE SumR.io_alphai_0 <-  0x3ed
  POKE SumR.io_vi_1 <-  0x28
  POKE SumR.io_alphai_1 <-  0x647
  POKE SumR.io_vi_2 <-  0x232
  POKE SumR.io_alphai_2 <-  0x2c
  POKE SumR.io_vi_3 <-  0x495
  POKE SumR.io_alphai_3 <-  0xd0a
  POKE SumR.io_vi_4 <-  0x88
  POKE SumR.io_alphai_4 <-  0x94b
  POKE SumR.io_vi_5 <-  0xa37
  POKE SumR.io_alphai_5 <-  0x607
  POKE SumR.io_vi_6 <-  0x9f
  POKE SumR.io_alphai_6 <-  0x745
  POKE SumR.io_vi_7 <-  0x78
  POKE SumR.io_alphai_7 <-  0x283
  PEEK SumR.io_sumR -> 0x5781
EXPECT SumR.io_sumR <- 22401 == 40880 FAIL
  POKE SumR.io_vi_0 <-  0x10d
  POKE SumR.io_alphai_0 <-  0x11
  POKE SumR.io_vi_1 <-  0x172
  POKE SumR.io_alphai_1 <-  0xeb
  POKE SumR.io_vi_2 <-  0x141
  POKE SumR.io_alphai_2 <-  0x10
  POKE SumR.io_vi_3 <-  0x169
  POKE SumR.io_alphai_3 <-  0x4b0
  POKE SumR.io_vi_4 <-  0x1ef
  POKE SumR.io_alphai_4 <-  0x113
  POKE SumR.io_vi_5 <-  0x302
  POKE SumR.io_alphai_5 <-  0xa39
  POKE SumR.io_vi_6 <-  0x32c
  POKE SumR.io_alphai_6 <-  0x4cb
  POKE SumR.io_vi_7 <-  0x0
  POKE SumR.io_alphai_7 <-  0x2d9
  PEEK SumR.io_sumR -> 0x0814
EXPECT SumR.io_sumR <- 2068 == 14368 FAIL
RAN 0 CYCLES FAILED FIRST AT CYCLE 0
*** FAILED ***
[error] (run-main-0) Chisel.ChiselException: Module under test FAILED at least one test vector.
Chisel.ChiselException: Module under test FAILED at least one test vector.
	at OLK.Top$.main(top.scala:22)
[trace] Stack trace suppressed: run 'last root/compile:run' for the full output.
java.lang.RuntimeException: Nonzero exit code: 1
	at scala.sys.package$.error(package.scala:27)
[trace] Stack trace suppressed: run 'last root/compile:run' for the full output.
[error] (root/compile:run) Nonzero exit code: 1
[error] Total time: 2 s, completed 22/06/2015 1:36:52 PM
