[info] Loading project definition from /home/duncan/repos/hardware/chisel-pipelined-olk/project
[info] Set current project to chisel-pipelined-olk (in build file:/home/duncan/repos/hardware/chisel-pipelined-olk/)
[info] Running OLK.Top Kernel --genHarness --compile --test --backend c --vcd
CPP elaborate
[[35minfo[0m] [0.064] // COMPILING < (class OLK.Sum.SumR)>(0)
[[35minfo[0m] [0.071] giving names
[[35minfo[0m] [0.080] executing custom transforms
[[35minfo[0m] [0.080] adding clocks and resets
[[35minfo[0m] [0.087] inferring widths
[[35minfo[0m] [0.099] checking widths
[[35minfo[0m] [0.104] lowering complex nodes to primitives
[[35minfo[0m] [0.104] removing type nodes
[[35minfo[0m] [0.106] compiling 123 nodes
[[35minfo[0m] [0.107] computing memory ports
[[35minfo[0m] [0.107] resolving nodes to the components
[[35minfo[0m] [0.124] creating clock domains
[[35minfo[0m] [0.124] pruning unconnected IOs
[[35minfo[0m] [0.127] checking for combinational loops
[[35minfo[0m] [0.130] NO COMBINATIONAL LOOP FOUND
[[35minfo[0m] [0.140] populating clock domains
CppBackend::elaborate: need 0, redundant 0 shadow registers
[[35minfo[0m] [0.158] generating cpp files
CppBackend: createCppFile SumR.cpp
[[35minfo[0m] [0.786] g++ -c -o ./SumR-emulator.o  -I../ -Inull/csrc/  ./SumR-emulator.cpp RET 0
[[35minfo[0m] [1.270] g++ -c -o ./SumR.o  -I../ -Inull/csrc/  ./SumR.cpp RET 0
[[35minfo[0m] [1.329] g++  -o ./SumR ./SumR.o ./SumR-emulator.o RET 0
[[33mwarn[0m] top.scala:22: 'Kernel' is an unknown argument. in class OLK.Top$
SEED 1434944218050
STARTING ./SumR
RESET 5
  POKE SumR.io_vi_0 <-  0x852
  POKE SumR.io_alphai_0 <-  0x48
  POKE SumR.io_vi_1 <-  0x29b
  POKE SumR.io_alphai_1 <-  0x1d9
  POKE SumR.io_vi_2 <-  0x0
  POKE SumR.io_alphai_2 <-  0x57d
  POKE SumR.io_vi_3 <-  0x4cc
  POKE SumR.io_alphai_3 <-  0xcd9
  POKE SumR.io_vi_4 <-  0x0
  POKE SumR.io_alphai_4 <-  0x1c9
  POKE SumR.io_vi_5 <-  0xea8
  POKE SumR.io_alphai_5 <-  0x54
  POKE SumR.io_vi_6 <-  0x2b1
  POKE SumR.io_alphai_6 <-  0xb7
  POKE SumR.io_vi_7 <-  0x13b
  POKE SumR.io_alphai_7 <-  0x2ef
  PEEK SumR.io_sumR -> 0x44c7
EXPECT SumR.io_sumR <- 17607 == 20262 FAIL
  POKE SumR.io_vi_0 <-  0x23f
  POKE SumR.io_alphai_0 <-  0x622
  POKE SumR.io_vi_1 <-  0x2c5
  POKE SumR.io_alphai_1 <-  0x7d6
  POKE SumR.io_vi_2 <-  0x41c
  POKE SumR.io_alphai_2 <-  0x61c
  POKE SumR.io_vi_3 <-  0xd2
  POKE SumR.io_alphai_3 <-  0x21b
  POKE SumR.io_vi_4 <-  0x609
  POKE SumR.io_alphai_4 <-  0x64b
  POKE SumR.io_vi_5 <-  0x3f4
  POKE SumR.io_alphai_5 <-  0x1de
  POKE SumR.io_vi_6 <-  0x35c
  POKE SumR.io_alphai_6 <-  0x224
  POKE SumR.io_vi_7 <-  0x54
  POKE SumR.io_alphai_7 <-  0x36d
  PEEK SumR.io_sumR -> 0x3e4e
EXPECT SumR.io_sumR <- 15950 == 29692 FAIL
  POKE SumR.io_vi_0 <-  0x3c4
  POKE SumR.io_alphai_0 <-  0x54a
  POKE SumR.io_vi_1 <-  0x192
  POKE SumR.io_alphai_1 <-  0xd71
  POKE SumR.io_vi_2 <-  0x16a
  POKE SumR.io_alphai_2 <-  0x1db
  POKE SumR.io_vi_3 <-  0x380
  POKE SumR.io_alphai_3 <-  0x2e7
  POKE SumR.io_vi_4 <-  0x3b5
  POKE SumR.io_alphai_4 <-  0x8f8
  POKE SumR.io_vi_5 <-  0x1d6
  POKE SumR.io_alphai_5 <-  0x84
  POKE SumR.io_vi_6 <-  0x8e
  POKE SumR.io_alphai_6 <-  0x19f
  POKE SumR.io_vi_7 <-  0x34
  POKE SumR.io_alphai_7 <-  0x7d0
  PEEK SumR.io_sumR -> 0x35cc
EXPECT SumR.io_sumR <- 13772 == 23174 FAIL
  POKE SumR.io_vi_0 <-  0x4b
  POKE SumR.io_alphai_0 <-  0x116
  POKE SumR.io_vi_1 <-  0x3c4
  POKE SumR.io_alphai_1 <-  0x77
  POKE SumR.io_vi_2 <-  0x3da
  POKE SumR.io_alphai_2 <-  0x5af
  POKE SumR.io_vi_3 <-  0x83
  POKE SumR.io_alphai_3 <-  0x37c
  POKE SumR.io_vi_4 <-  0x2a5
  POKE SumR.io_alphai_4 <-  0x21b
  POKE SumR.io_vi_5 <-  0x41b
  POKE SumR.io_alphai_5 <-  0xc6
  POKE SumR.io_vi_6 <-  0xca
  POKE SumR.io_alphai_6 <-  0x2bd
  POKE SumR.io_vi_7 <-  0x3c5
  POKE SumR.io_alphai_7 <-  0xe7
  PEEK SumR.io_sumR -> 0x19bd
EXPECT SumR.io_sumR <- 6589 == 10248 FAIL
  POKE SumR.io_vi_0 <-  0xd69
  POKE SumR.io_alphai_0 <-  0x1b6
  POKE SumR.io_vi_1 <-  0x744
  POKE SumR.io_alphai_1 <-  0x6c9
  POKE SumR.io_vi_2 <-  0x88
  POKE SumR.io_alphai_2 <-  0x32a
  POKE SumR.io_vi_3 <-  0x1c6
  POKE SumR.io_alphai_3 <-  0x86f
  POKE SumR.io_vi_4 <-  0x395
  POKE SumR.io_alphai_4 <-  0x2a6
  POKE SumR.io_vi_5 <-  0xa0
  POKE SumR.io_alphai_5 <-  0x18
  POKE SumR.io_vi_6 <-  0x8ce
  POKE SumR.io_alphai_6 <-  0x738
  POKE SumR.io_vi_7 <-  0x234
  POKE SumR.io_alphai_7 <-  0x258
  PEEK SumR.io_sumR -> 0x58df
EXPECT SumR.io_sumR <- 22751 == 42798 FAIL
  POKE SumR.io_vi_0 <-  0x0
  POKE SumR.io_alphai_0 <-  0x1bc
  POKE SumR.io_vi_1 <-  0x125
  POKE SumR.io_alphai_1 <-  0x5c8
  POKE SumR.io_vi_2 <-  0xae
  POKE SumR.io_alphai_2 <-  0x38e
  POKE SumR.io_vi_3 <-  0x81
  POKE SumR.io_alphai_3 <-  0xd5
  POKE SumR.io_vi_4 <-  0x507
  POKE SumR.io_alphai_4 <-  0x57c
  POKE SumR.io_vi_5 <-  0xa31
  POKE SumR.io_alphai_5 <-  0x18a
  POKE SumR.io_vi_6 <-  0x0
  POKE SumR.io_alphai_6 <-  0x9c2
  POKE SumR.io_vi_7 <-  0x70b
  POKE SumR.io_alphai_7 <-  0x313
  PEEK SumR.io_sumR -> 0x0972
EXPECT SumR.io_sumR <- 2418 == 19036 FAIL
  POKE SumR.io_vi_0 <-  0x58b
  POKE SumR.io_alphai_0 <-  0xb3e
  POKE SumR.io_vi_1 <-  0x100
  POKE SumR.io_alphai_1 <-  0x3f4
  POKE SumR.io_vi_2 <-  0x28
  POKE SumR.io_alphai_2 <-  0x465
  POKE SumR.io_vi_3 <-  0x58d
  POKE SumR.io_alphai_3 <-  0x2aa
  POKE SumR.io_vi_4 <-  0x35d
  POKE SumR.io_alphai_4 <-  0x26a
  POKE SumR.io_vi_5 <-  0x291
  POKE SumR.io_alphai_5 <-  0x15
  POKE SumR.io_vi_6 <-  0x200
  POKE SumR.io_alphai_6 <-  0x3ee
  POKE SumR.io_vi_7 <-  0x52a
  POKE SumR.io_alphai_7 <-  0x73e
  PEEK SumR.io_sumR -> 0x51bc
EXPECT SumR.io_sumR <- 20924 == 34642 FAIL
  POKE SumR.io_vi_0 <-  0x7e
  POKE SumR.io_alphai_0 <-  0xa3b
  POKE SumR.io_vi_1 <-  0xaf
  POKE SumR.io_alphai_1 <-  0x45d
  POKE SumR.io_vi_2 <-  0xd61
  POKE SumR.io_alphai_2 <-  0x49a
  POKE SumR.io_vi_3 <-  0x9d4
  POKE SumR.io_alphai_3 <-  0x4c6
  POKE SumR.io_vi_4 <-  0x4ec
  POKE SumR.io_alphai_4 <-  0x3c1
  POKE SumR.io_vi_5 <-  0x4c
  POKE SumR.io_alphai_5 <-  0x9c
  POKE SumR.io_vi_6 <-  0x2fe
  POKE SumR.io_alphai_6 <-  0x0
  POKE SumR.io_vi_7 <-  0x52c
  POKE SumR.io_alphai_7 <-  0x227
  PEEK SumR.io_sumR -> 0x747d
EXPECT SumR.io_sumR <- 29821 == 37458 FAIL
  POKE SumR.io_vi_0 <-  0x2ba
  POKE SumR.io_alphai_0 <-  0x16d
  POKE SumR.io_vi_1 <-  0x29f
  POKE SumR.io_alphai_1 <-  0x190
  POKE SumR.io_vi_2 <-  0xced
  POKE SumR.io_alphai_2 <-  0x4f1
  POKE SumR.io_vi_3 <-  0xc4
  POKE SumR.io_alphai_3 <-  0xd
  POKE SumR.io_vi_4 <-  0xdee
  POKE SumR.io_alphai_4 <-  0x453
  POKE SumR.io_vi_5 <-  0x2b2
  POKE SumR.io_alphai_5 <-  0x77f
  POKE SumR.io_vi_6 <-  0x59d
  POKE SumR.io_alphai_6 <-  0xa5b
  POKE SumR.io_vi_7 <-  0x130
  POKE SumR.io_alphai_7 <-  0x1f7
  PEEK SumR.io_sumR -> 0x47e3
EXPECT SumR.io_sumR <- 18403 == 54484 FAIL
  POKE SumR.io_vi_0 <-  0x16d
  POKE SumR.io_alphai_0 <-  0x53e
  POKE SumR.io_vi_1 <-  0xd5
  POKE SumR.io_alphai_1 <-  0x10c
  POKE SumR.io_vi_2 <-  0x387
  POKE SumR.io_alphai_2 <-  0x8d
  POKE SumR.io_vi_3 <-  0x26
  POKE SumR.io_alphai_3 <-  0x65f
  POKE SumR.io_vi_4 <-  0x547
  POKE SumR.io_alphai_4 <-  0x35
  POKE SumR.io_vi_5 <-  0x90b
  POKE SumR.io_alphai_5 <-  0x134
  POKE SumR.io_vi_6 <-  0x4b
  POKE SumR.io_alphai_6 <-  0x260
  POKE SumR.io_vi_7 <-  0x2e5
  POKE SumR.io_alphai_7 <-  0x64a
  PEEK SumR.io_sumR -> 0x0b3a
EXPECT SumR.io_sumR <- 2874 == 10771 FAIL
  POKE SumR.io_vi_0 <-  0x48f
  POKE SumR.io_alphai_0 <-  0x15b
  POKE SumR.io_vi_1 <-  0xaf4
  POKE SumR.io_alphai_1 <-  0x595
  POKE SumR.io_vi_2 <-  0x366
  POKE SumR.io_alphai_2 <-  0xac
  POKE SumR.io_vi_3 <-  0x314
  POKE SumR.io_alphai_3 <-  0x268
  POKE SumR.io_vi_4 <-  0x77
  POKE SumR.io_alphai_4 <-  0x3a4
  POKE SumR.io_vi_5 <-  0x12b
  POKE SumR.io_alphai_5 <-  0x85
  POKE SumR.io_vi_6 <-  0x0
  POKE SumR.io_alphai_6 <-  0xd62
  POKE SumR.io_vi_7 <-  0x207
  POKE SumR.io_alphai_7 <-  0xae
  PEEK SumR.io_sumR -> 0x4d01
EXPECT SumR.io_sumR <- 19713 == 20659 FAIL
RAN 0 CYCLES FAILED FIRST AT CYCLE 0
*** FAILED ***
[error] (run-main-0) Chisel.ChiselException: Module under test FAILED at least one test vector.
Chisel.ChiselException: Module under test FAILED at least one test vector.
	at OLK.Top$.main(top.scala:22)
[trace] Stack trace suppressed: run 'last root/compile:run' for the full output.
java.lang.RuntimeException: Nonzero exit code: 1
	at scala.sys.package$.error(package.scala:27)
[trace] Stack trace suppressed: run 'last root/compile:run' for the full output.
[error] (root/compile:run) Nonzero exit code: 1
[error] Total time: 2 s, completed 22/06/2015 1:36:59 PM
