[info] Loading project definition from /home/duncan/repos/hardware/chisel-pipelined-olk/project
[info] Set current project to chisel-pipelined-olk (in build file:/home/duncan/repos/hardware/chisel-pipelined-olk/)
[info] Compiling 1 Scala source to /home/duncan/repos/hardware/chisel-pipelined-olk/target/scala-2.10/classes...
[info] Running OLK.Top NORMAr --genHarness --compile --test --backend c --vcd
CPP elaborate
[[35minfo[0m] [0.062] // COMPILING < (class OLK.Sum.SumR)>(0)
[[35minfo[0m] [0.069] giving names
[[35minfo[0m] [0.078] executing custom transforms
[[35minfo[0m] [0.078] adding clocks and resets
[[35minfo[0m] [0.085] inferring widths
[[35minfo[0m] [0.097] checking widths
[[35minfo[0m] [0.102] lowering complex nodes to primitives
[[35minfo[0m] [0.103] removing type nodes
[[35minfo[0m] [0.105] compiling 123 nodes
[[35minfo[0m] [0.105] computing memory ports
[[35minfo[0m] [0.105] resolving nodes to the components
[[35minfo[0m] [0.121] creating clock domains
[[35minfo[0m] [0.122] pruning unconnected IOs
[[35minfo[0m] [0.125] checking for combinational loops
[[35minfo[0m] [0.127] NO COMBINATIONAL LOOP FOUND
[[35minfo[0m] [0.135] populating clock domains
CppBackend::elaborate: need 0, redundant 0 shadow registers
[[35minfo[0m] [0.152] generating cpp files
CppBackend: createCppFile SumR.cpp
[[35minfo[0m] [0.794] g++ -c -o ./SumR-emulator.o  -I../ -Inull/csrc/  ./SumR-emulator.cpp RET 0
[[35minfo[0m] [1.275] g++ -c -o ./SumR.o  -I../ -Inull/csrc/  ./SumR.cpp RET 0
[[35minfo[0m] [1.332] g++  -o ./SumR ./SumR.o ./SumR-emulator.o RET 0
[[33mwarn[0m] top.scala:22: 'NORMAr' is an unknown argument. in class OLK.Top$
SEED 1434944413524
STARTING ./SumR
RESET 5
  POKE SumR.io_vi_0 <-  0x60
  POKE SumR.io_alphai_0 <-  0x56
  POKE SumR.io_vi_1 <-  0x0
  POKE SumR.io_alphai_1 <-  0x2b3
  POKE SumR.io_vi_2 <-  0xfe
  POKE SumR.io_alphai_2 <-  0x26a
  POKE SumR.io_vi_3 <-  0x3c4
  POKE SumR.io_alphai_3 <-  0x291
  POKE SumR.io_vi_4 <-  0x57d
  POKE SumR.io_alphai_4 <-  0x11d
  POKE SumR.io_vi_5 <-  0x23c
  POKE SumR.io_alphai_5 <-  0x416
  POKE SumR.io_vi_6 <-  0x306
  POKE SumR.io_alphai_6 <-  0x0
  POKE SumR.io_vi_7 <-  0xb
  POKE SumR.io_alphai_7 <-  0xdc
  PEEK SumR.io_sumR -> 0x0c2f
EXPECT SumR.io_sumR <- 3119 == 7026 FAIL
  POKE SumR.io_vi_0 <-  0x10b
  POKE SumR.io_alphai_0 <-  0x507
  POKE SumR.io_vi_1 <-  0x24
  POKE SumR.io_alphai_1 <-  0xa12
  POKE SumR.io_vi_2 <-  0xe1
  POKE SumR.io_alphai_2 <-  0xddd
  POKE SumR.io_vi_3 <-  0x6c
  POKE SumR.io_alphai_3 <-  0x4a3
  POKE SumR.io_vi_4 <-  0xa6
  POKE SumR.io_alphai_4 <-  0x4e
  POKE SumR.io_vi_5 <-  0xa2d
  POKE SumR.io_alphai_5 <-  0x4b5
  POKE SumR.io_vi_6 <-  0x822
  POKE SumR.io_alphai_6 <-  0x13
  POKE SumR.io_vi_7 <-  0x45b
  POKE SumR.io_alphai_7 <-  0x2e5
  PEEK SumR.io_sumR -> 0x14cb
EXPECT SumR.io_sumR <- 5323 == 21024 FAIL
  POKE SumR.io_vi_0 <-  0x512
  POKE SumR.io_alphai_0 <-  0x236
  POKE SumR.io_vi_1 <-  0x769
  POKE SumR.io_alphai_1 <-  0x0
  POKE SumR.io_vi_2 <-  0x198
  POKE SumR.io_alphai_2 <-  0x2f
  POKE SumR.io_vi_3 <-  0x6ac
  POKE SumR.io_alphai_3 <-  0x239
  POKE SumR.io_vi_4 <-  0x770
  POKE SumR.io_alphai_4 <-  0x7d5
  POKE SumR.io_vi_5 <-  0x4a8
  POKE SumR.io_alphai_5 <-  0xea
  POKE SumR.io_vi_6 <-  0x0
  POKE SumR.io_alphai_6 <-  0x3f2
  POKE SumR.io_vi_7 <-  0x0
  POKE SumR.io_alphai_7 <-  0x1f2
  PEEK SumR.io_sumR -> 0x1a53
EXPECT SumR.io_sumR <- 6739 == 22738 FAIL
  POKE SumR.io_vi_0 <-  0x5c
  POKE SumR.io_alphai_0 <-  0xcd
  POKE SumR.io_vi_1 <-  0x3d2
  POKE SumR.io_alphai_1 <-  0x45f
  POKE SumR.io_vi_2 <-  0x5c7
  POKE SumR.io_alphai_2 <-  0xe5
  POKE SumR.io_vi_3 <-  0x50d
  POKE SumR.io_alphai_3 <-  0x70c
  POKE SumR.io_vi_4 <-  0x4be
  POKE SumR.io_alphai_4 <-  0x1bd
  POKE SumR.io_vi_5 <-  0xc8
  POKE SumR.io_alphai_5 <-  0x426
  POKE SumR.io_vi_6 <-  0x91d
  POKE SumR.io_alphai_6 <-  0x8f5
  POKE SumR.io_vi_7 <-  0x364
  POKE SumR.io_alphai_7 <-  0xa0
  PEEK SumR.io_sumR -> 0x39bd
EXPECT SumR.io_sumR <- 14781 == 39162 FAIL
  POKE SumR.io_vi_0 <-  0x10e
  POKE SumR.io_alphai_0 <-  0x50a
  POKE SumR.io_vi_1 <-  0x3ed
  POKE SumR.io_alphai_1 <-  0x4b7
  POKE SumR.io_vi_2 <-  0x4c0
  POKE SumR.io_alphai_2 <-  0xc9e
  POKE SumR.io_vi_3 <-  0x0
  POKE SumR.io_alphai_3 <-  0x204
  POKE SumR.io_vi_4 <-  0x133
  POKE SumR.io_alphai_4 <-  0x0
  POKE SumR.io_vi_5 <-  0x30c
  POKE SumR.io_alphai_5 <-  0x419
  POKE SumR.io_vi_6 <-  0x137
  POKE SumR.io_alphai_6 <-  0x292
  POKE SumR.io_vi_7 <-  0x908
  POKE SumR.io_alphai_7 <-  0x0
  PEEK SumR.io_sumR -> 0x53c0
EXPECT SumR.io_sumR <- 21440 == 25438 FAIL
  POKE SumR.io_vi_0 <-  0x513
  POKE SumR.io_alphai_0 <-  0x0
  POKE SumR.io_vi_1 <-  0x11a
  POKE SumR.io_alphai_1 <-  0x292
  POKE SumR.io_vi_2 <-  0x70
  POKE SumR.io_alphai_2 <-  0x88f
  POKE SumR.io_vi_3 <-  0x46
  POKE SumR.io_alphai_3 <-  0x588
  POKE SumR.io_vi_4 <-  0x12
  POKE SumR.io_alphai_4 <-  0x6bb
  POKE SumR.io_vi_5 <-  0x5cc
  POKE SumR.io_alphai_5 <-  0x465
  POKE SumR.io_vi_6 <-  0x333
  POKE SumR.io_alphai_6 <-  0x51f
  POKE SumR.io_vi_7 <-  0x660
  POKE SumR.io_alphai_7 <-  0x0
  PEEK SumR.io_sumR -> 0x0815
EXPECT SumR.io_sumR <- 2069 == 12908 FAIL
  POKE SumR.io_vi_0 <-  0x4b5
  POKE SumR.io_alphai_0 <-  0xc2
  POKE SumR.io_vi_1 <-  0x167
  POKE SumR.io_alphai_1 <-  0xe18
  POKE SumR.io_vi_2 <-  0xe75
  POKE SumR.io_alphai_2 <-  0x16a
  POKE SumR.io_vi_3 <-  0x7b4
  POKE SumR.io_alphai_3 <-  0x830
  POKE SumR.io_vi_4 <-  0x9c
  POKE SumR.io_alphai_4 <-  0x414
  POKE SumR.io_vi_5 <-  0x54e
  POKE SumR.io_alphai_5 <-  0x458
  POKE SumR.io_vi_6 <-  0x5a7
  POKE SumR.io_alphai_6 <-  0x2a3
  POKE SumR.io_vi_7 <-  0x100
  POKE SumR.io_alphai_7 <-  0x903
  PEEK SumR.io_sumR -> 0x6ad6
EXPECT SumR.io_sumR <- 27350 == 40005 FAIL
  POKE SumR.io_vi_0 <-  0x18
  POKE SumR.io_alphai_0 <-  0x5e0
  POKE SumR.io_vi_1 <-  0x283
  POKE SumR.io_alphai_1 <-  0x154
  POKE SumR.io_vi_2 <-  0x50
  POKE SumR.io_alphai_2 <-  0x3e7
  POKE SumR.io_vi_3 <-  0x7a4
  POKE SumR.io_alphai_3 <-  0x3cf
  POKE SumR.io_vi_4 <-  0x9a
  POKE SumR.io_alphai_4 <-  0x3ba
  POKE SumR.io_vi_5 <-  0x545
  POKE SumR.io_alphai_5 <-  0x70
  POKE SumR.io_vi_6 <-  0x348
  POKE SumR.io_alphai_6 <-  0x1c6
  POKE SumR.io_vi_7 <-  0x55b
  POKE SumR.io_alphai_7 <-  0x39a
  PEEK SumR.io_sumR -> 0x2233
EXPECT SumR.io_sumR <- 8755 == 16357 FAIL
  POKE SumR.io_vi_0 <-  0x1ed
  POKE SumR.io_alphai_0 <-  0x922
  POKE SumR.io_vi_1 <-  0x34d
  POKE SumR.io_alphai_1 <-  0x63
  POKE SumR.io_vi_2 <-  0x40a
  POKE SumR.io_alphai_2 <-  0x287
  POKE SumR.io_vi_3 <-  0x15c
  POKE SumR.io_alphai_3 <-  0x4aa
  POKE SumR.io_vi_4 <-  0x218
  POKE SumR.io_alphai_4 <-  0x92
  POKE SumR.io_vi_5 <-  0x887
  POKE SumR.io_alphai_5 <-  0x279
  POKE SumR.io_vi_6 <-  0x914
  POKE SumR.io_alphai_6 <-  0xbd5
  POKE SumR.io_vi_7 <-  0x823
  POKE SumR.io_alphai_7 <-  0x864
  PEEK SumR.io_sumR -> 0x2368
EXPECT SumR.io_sumR <- 9064 == 59747 FAIL
  POKE SumR.io_vi_0 <-  0x1a8
  POKE SumR.io_alphai_0 <-  0xef9
  POKE SumR.io_vi_1 <-  0x4eb
  POKE SumR.io_alphai_1 <-  0x10e
  POKE SumR.io_vi_2 <-  0xb3e
  POKE SumR.io_alphai_2 <-  0x628
  POKE SumR.io_vi_3 <-  0x2e1
  POKE SumR.io_alphai_3 <-  0x31d
  POKE SumR.io_vi_4 <-  0x866
  POKE SumR.io_alphai_4 <-  0x17b
  POKE SumR.io_vi_5 <-  0x3a5
  POKE SumR.io_alphai_5 <-  0x90
  POKE SumR.io_vi_6 <-  0x11
  POKE SumR.io_alphai_6 <-  0x19c
  POKE SumR.io_vi_7 <-  0xa83
  POKE SumR.io_alphai_7 <-  0x273
  PEEK SumR.io_sumR -> 0x6c26
EXPECT SumR.io_sumR <- 27686 == 38018 FAIL
  POKE SumR.io_vi_0 <-  0x12e
  POKE SumR.io_alphai_0 <-  0x450
  POKE SumR.io_vi_1 <-  0x14c
  POKE SumR.io_alphai_1 <-  0x55f
  POKE SumR.io_vi_2 <-  0x4b2
  POKE SumR.io_alphai_2 <-  0x2e9
  POKE SumR.io_vi_3 <-  0x305
  POKE SumR.io_alphai_3 <-  0x2a8
  POKE SumR.io_vi_4 <-  0xd90
  POKE SumR.io_alphai_4 <-  0x134
  POKE SumR.io_vi_5 <-  0xc
  POKE SumR.io_alphai_5 <-  0x0
  POKE SumR.io_vi_6 <-  0x46b
  POKE SumR.io_alphai_6 <-  0xbf
  POKE SumR.io_vi_7 <-  0x166
  POKE SumR.io_alphai_7 <-  0x253
  PEEK SumR.io_sumR -> 0x21bc
EXPECT SumR.io_sumR <- 8636 == 14491 FAIL
RAN 0 CYCLES FAILED FIRST AT CYCLE 0
*** FAILED ***
[error] (run-main-0) Chisel.ChiselException: Module under test FAILED at least one test vector.
Chisel.ChiselException: Module under test FAILED at least one test vector.
	at OLK.Top$.main(top.scala:22)
[trace] Stack trace suppressed: run 'last root/compile:run' for the full output.
java.lang.RuntimeException: Nonzero exit code: 1
	at scala.sys.package$.error(package.scala:27)
[trace] Stack trace suppressed: run 'last root/compile:run' for the full output.
[error] (root/compile:run) Nonzero exit code: 1
[error] Total time: 6 s, completed 22/06/2015 1:40:15 PM
