[info] Loading project definition from /home/duncan/repos/hardware/chisel-pipelined-olk/project
[info] Set current project to chisel-pipelined-olk (in build file:/home/duncan/repos/hardware/chisel-pipelined-olk/)
[info] Compiling 1 Scala source to /home/duncan/repos/hardware/chisel-pipelined-olk/target/scala-2.10/classes...
[info] Running OLK.Top OLK --genHarness --compile --test --backend c --vcd
CPP elaborate
[[35minfo[0m] [0.061] // COMPILING < (class OLK.Sum.SumR)>(0)
[[35minfo[0m] [0.069] giving names
[[35minfo[0m] [0.081] executing custom transforms
[[35minfo[0m] [0.082] adding clocks and resets
[[35minfo[0m] [0.091] inferring widths
[[35minfo[0m] [0.110] checking widths
[[35minfo[0m] [0.118] lowering complex nodes to primitives
[[35minfo[0m] [0.119] removing type nodes
[[35minfo[0m] [0.122] compiling 227 nodes
[[35minfo[0m] [0.122] computing memory ports
[[35minfo[0m] [0.122] resolving nodes to the components
[[35minfo[0m] [0.144] creating clock domains
[[35minfo[0m] [0.145] pruning unconnected IOs
[[35minfo[0m] [0.147] checking for combinational loops
[[35minfo[0m] [0.151] NO COMBINATIONAL LOOP FOUND
[[35minfo[0m] [0.159] populating clock domains
CppBackend::elaborate: need 0, redundant 0 shadow registers
[[35minfo[0m] [0.181] generating cpp files
CppBackend: createCppFile SumR.cpp
[[35minfo[0m] [0.814] g++ -c -o ./SumR-emulator.o  -I../ -Inull/csrc/  ./SumR-emulator.cpp RET 0
[[35minfo[0m] [1.300] g++ -c -o ./SumR.o  -I../ -Inull/csrc/  ./SumR.cpp RET 0
[[35minfo[0m] [1.353] g++  -o ./SumR ./SumR.o ./SumR-emulator.o RET 0
[[33mwarn[0m] top.scala:22: 'OLK' is an unknown argument. in class OLK.Top$
SEED 1434944569743
STARTING ./SumR
RESET 5
  POKE SumR.io_vi_0 <-  0x1cc
  POKE SumR.io_alphai_0 <-  0x2e1
  POKE SumR.io_vi_1 <-  0xb
  POKE SumR.io_alphai_1 <-  0x18d
  POKE SumR.io_vi_2 <-  0x4d5
  POKE SumR.io_alphai_2 <-  0x35a
  POKE SumR.io_vi_3 <-  0x276
  POKE SumR.io_alphai_3 <-  0x17e
  POKE SumR.io_vi_4 <-  0x0
  POKE SumR.io_alphai_4 <-  0x262
  POKE SumR.io_vi_5 <-  0x48
  POKE SumR.io_alphai_5 <-  0xa7a
  POKE SumR.io_vi_6 <-  0x748
  POKE SumR.io_alphai_6 <-  0x0
  POKE SumR.io_vi_7 <-  0x2f9
  POKE SumR.io_alphai_7 <-  0x0
  PEEK SumR.io_sumR -> 0x1c0c
EXPECT SumR.io_sumR <- 7180 == 7180 PASS
  POKE SumR.io_vi_0 <-  0x0
  POKE SumR.io_alphai_0 <-  0x970
  POKE SumR.io_vi_1 <-  0x27
  POKE SumR.io_alphai_1 <-  0x9cd
  POKE SumR.io_vi_2 <-  0x2c8
  POKE SumR.io_alphai_2 <-  0xaa
  POKE SumR.io_vi_3 <-  0x255
  POKE SumR.io_alphai_3 <-  0x3d3
  POKE SumR.io_vi_4 <-  0x321
  POKE SumR.io_alphai_4 <-  0x8e7
  POKE SumR.io_vi_5 <-  0x142
  POKE SumR.io_alphai_5 <-  0x8e4
  POKE SumR.io_vi_6 <-  0xe2
  POKE SumR.io_alphai_6 <-  0x39
  POKE SumR.io_vi_7 <-  0x130
  POKE SumR.io_alphai_7 <-  0x62d
  PEEK SumR.io_sumR -> 0x3ad0
EXPECT SumR.io_sumR <- 15056 == 15055 FAIL
  POKE SumR.io_vi_0 <-  0x7d
  POKE SumR.io_alphai_0 <-  0x57a
  POKE SumR.io_vi_1 <-  0x9bc
  POKE SumR.io_alphai_1 <-  0x3e5
  POKE SumR.io_vi_2 <-  0x15e
  POKE SumR.io_alphai_2 <-  0x2ed
  POKE SumR.io_vi_3 <-  0x82f
  POKE SumR.io_alphai_3 <-  0x5
  POKE SumR.io_vi_4 <-  0x208
  POKE SumR.io_alphai_4 <-  0x66e
  POKE SumR.io_vi_5 <-  0x3b2
  POKE SumR.io_alphai_5 <-  0x341
  POKE SumR.io_vi_6 <-  0x3dd
  POKE SumR.io_alphai_6 <-  0x4e
  POKE SumR.io_vi_7 <-  0x4e
  POKE SumR.io_alphai_7 <-  0x140
  PEEK SumR.io_sumR -> 0x4760
EXPECT SumR.io_sumR <- 18272 == 18267 FAIL
  POKE SumR.io_vi_0 <-  0x7e7
  POKE SumR.io_alphai_0 <-  0x6e
  POKE SumR.io_vi_1 <-  0x7ec
  POKE SumR.io_alphai_1 <-  0x7f
  POKE SumR.io_vi_2 <-  0x9c9
  POKE SumR.io_alphai_2 <-  0x1a0
  POKE SumR.io_vi_3 <-  0xb4
  POKE SumR.io_alphai_3 <-  0x41e
  POKE SumR.io_vi_4 <-  0x375
  POKE SumR.io_alphai_4 <-  0xd72
  POKE SumR.io_vi_5 <-  0xdfa
  POKE SumR.io_alphai_5 <-  0x972
  POKE SumR.io_vi_6 <-  0x4b0
  POKE SumR.io_alphai_6 <-  0xa5
  POKE SumR.io_vi_7 <-  0x3c0
  POKE SumR.io_alphai_7 <-  0x1b3
  PEEK SumR.io_sumR -> 0xd600
EXPECT SumR.io_sumR <- 54784 == 54778 FAIL
  POKE SumR.io_vi_0 <-  0x33a
  POKE SumR.io_alphai_0 <-  0x299
  POKE SumR.io_vi_1 <-  0xa21
  POKE SumR.io_alphai_1 <-  0x622
  POKE SumR.io_vi_2 <-  0xb40
  POKE SumR.io_alphai_2 <-  0x4c5
  POKE SumR.io_vi_3 <-  0x121
  POKE SumR.io_alphai_3 <-  0x2cf
  POKE SumR.io_vi_4 <-  0x1ab
  POKE SumR.io_alphai_4 <-  0x16b
  POKE SumR.io_vi_5 <-  0x3cb
  POKE SumR.io_alphai_5 <-  0x48c
  POKE SumR.io_vi_6 <-  0xa4
  POKE SumR.io_alphai_6 <-  0x39
  POKE SumR.io_vi_7 <-  0x97d
  POKE SumR.io_alphai_7 <-  0x3fc
  PEEK SumR.io_sumR -> 0xb8e0
EXPECT SumR.io_sumR <- 47328 == 47335 FAIL
  POKE SumR.io_vi_0 <-  0xc4
  POKE SumR.io_alphai_0 <-  0xfb
  POKE SumR.io_vi_1 <-  0x30b
  POKE SumR.io_alphai_1 <-  0x128
  POKE SumR.io_vi_2 <-  0xc9f
  POKE SumR.io_alphai_2 <-  0x24b
  POKE SumR.io_vi_3 <-  0x40
  POKE SumR.io_alphai_3 <-  0x6ef
  POKE SumR.io_vi_4 <-  0x451
  POKE SumR.io_alphai_4 <-  0x85
  POKE SumR.io_vi_5 <-  0x81a
  POKE SumR.io_alphai_5 <-  0x470
  POKE SumR.io_vi_6 <-  0xb87
  POKE SumR.io_alphai_6 <-  0x1a4
  POKE SumR.io_vi_7 <-  0x31d
  POKE SumR.io_alphai_7 <-  0x43f
  PEEK SumR.io_sumR -> 0x6941
EXPECT SumR.io_sumR <- 26945 == 26952 FAIL
  POKE SumR.io_vi_0 <-  0x1ae
  POKE SumR.io_alphai_0 <-  0x9f
  POKE SumR.io_vi_1 <-  0x5f3
  POKE SumR.io_alphai_1 <-  0x8e
  POKE SumR.io_vi_2 <-  0x24e
  POKE SumR.io_alphai_2 <-  0x13c
  POKE SumR.io_vi_3 <-  0xa9f
  POKE SumR.io_alphai_3 <-  0x196
  POKE SumR.io_vi_4 <-  0xbd6
  POKE SumR.io_alphai_4 <-  0x730
  POKE SumR.io_vi_5 <-  0x1c8
  POKE SumR.io_alphai_5 <-  0x666
  POKE SumR.io_vi_6 <-  0x37a
  POKE SumR.io_alphai_6 <-  0x126
  POKE SumR.io_vi_7 <-  0x597
  POKE SumR.io_alphai_7 <-  0x59d
  PEEK SumR.io_sumR -> 0x9bdc
EXPECT SumR.io_sumR <- 39900 == 39902 FAIL
  POKE SumR.io_vi_0 <-  0x139
  POKE SumR.io_alphai_0 <-  0x4f1
  POKE SumR.io_vi_1 <-  0xdb
  POKE SumR.io_alphai_1 <-  0x465
  POKE SumR.io_vi_2 <-  0x0
  POKE SumR.io_alphai_2 <-  0x2ee
  POKE SumR.io_vi_3 <-  0x702
  POKE SumR.io_alphai_3 <-  0x2e2
  POKE SumR.io_vi_4 <-  0x21
  POKE SumR.io_alphai_4 <-  0xb75
  POKE SumR.io_vi_5 <-  0x1d1
  POKE SumR.io_alphai_5 <-  0x1d2
  POKE SumR.io_vi_6 <-  0x41
  POKE SumR.io_alphai_6 <-  0x9f2
  POKE SumR.io_vi_7 <-  0x1d3
  POKE SumR.io_alphai_7 <-  0x2b
  PEEK SumR.io_sumR -> 0x259b
EXPECT SumR.io_sumR <- 9627 == 9621 FAIL
  POKE SumR.io_vi_0 <-  0xd2
  POKE SumR.io_alphai_0 <-  0xb26
  POKE SumR.io_vi_1 <-  0x485
  POKE SumR.io_alphai_1 <-  0x8fa
  POKE SumR.io_vi_2 <-  0x104
  POKE SumR.io_alphai_2 <-  0x72b
  POKE SumR.io_vi_3 <-  0x7c7
  POKE SumR.io_alphai_3 <-  0x2e7
  POKE SumR.io_vi_4 <-  0x156
  POKE SumR.io_alphai_4 <-  0x749
  POKE SumR.io_vi_5 <-  0x53b
  POKE SumR.io_alphai_5 <-  0xe3d
  POKE SumR.io_vi_6 <-  0x61a
  POKE SumR.io_alphai_6 <-  0x82a
  POKE SumR.io_vi_7 <-  0xe1
  POKE SumR.io_alphai_7 <-  0x93b
  PEEK SumR.io_sumR -> 0xddaf
EXPECT SumR.io_sumR <- 56751 == 56762 FAIL
  POKE SumR.io_vi_0 <-  0x1f3
  POKE SumR.io_alphai_0 <-  0x0
  POKE SumR.io_vi_1 <-  0x568
  POKE SumR.io_alphai_1 <-  0x1be
  POKE SumR.io_vi_2 <-  0x6
  POKE SumR.io_alphai_2 <-  0x72
  POKE SumR.io_vi_3 <-  0x25d
  POKE SumR.io_alphai_3 <-  0x9c
  POKE SumR.io_vi_4 <-  0x2a5
  POKE SumR.io_alphai_4 <-  0x89
  POKE SumR.io_vi_5 <-  0x96d
  POKE SumR.io_alphai_5 <-  0xd1c
  POKE SumR.io_vi_6 <-  0x19a
  POKE SumR.io_alphai_6 <-  0x6b9
  POKE SumR.io_vi_7 <-  0x0
  POKE SumR.io_alphai_7 <-  0x371
  PEEK SumR.io_sumR -> 0x929b
EXPECT SumR.io_sumR <- 37531 == 37530 FAIL
  POKE SumR.io_vi_0 <-  0x3f6
  POKE SumR.io_alphai_0 <-  0x10f
  POKE SumR.io_vi_1 <-  0x7b7
  POKE SumR.io_alphai_1 <-  0x2ef
  POKE SumR.io_vi_2 <-  0x7a6
  POKE SumR.io_alphai_2 <-  0x9
  POKE SumR.io_vi_3 <-  0x2e3
  POKE SumR.io_alphai_3 <-  0x594
  POKE SumR.io_vi_4 <-  0x23a
  POKE SumR.io_alphai_4 <-  0x0
  POKE SumR.io_vi_5 <-  0xd4
  POKE SumR.io_alphai_5 <-  0x3da
  POKE SumR.io_vi_6 <-  0xa19
  POKE SumR.io_alphai_6 <-  0x58b
  POKE SumR.io_vi_7 <-  0x657
  POKE SumR.io_alphai_7 <-  0xb01
  PEEK SumR.io_sumR -> 0xac1b
EXPECT SumR.io_sumR <- 44059 == 44064 FAIL
RAN 0 CYCLES FAILED FIRST AT CYCLE 0
*** FAILED ***
[error] (run-main-0) Chisel.ChiselException: Module under test FAILED at least one test vector.
Chisel.ChiselException: Module under test FAILED at least one test vector.
	at OLK.Top$.main(top.scala:22)
[trace] Stack trace suppressed: run 'last root/compile:run' for the full output.
java.lang.RuntimeException: Nonzero exit code: 1
	at scala.sys.package$.error(package.scala:27)
[trace] Stack trace suppressed: run 'last root/compile:run' for the full output.
[error] (root/compile:run) Nonzero exit code: 1
[error] Total time: 6 s, completed 22/06/2015 1:42:51 PM
